TN:
SF:src/models/LogMessage.js
FN:5,(anonymous_0)
FN:14,(anonymous_1)
FN:25,(anonymous_2)
FNF:3
FNH:1
FNDA:2,(anonymous_0)
FNDA:0,(anonymous_1)
FNDA:0,(anonymous_2)
DA:6,2
DA:7,2
DA:8,2
DA:9,2
DA:10,2
DA:11,2
DA:15,0
DA:26,0
DA:33,0
DA:34,0
DA:38,1
LF:11
LH:7
BRDA:5,0,0,2
BRDA:7,1,0,2
BRDA:7,1,1,0
BRF:3
BRH:2
end_of_record
TN:
SF:src/models/LogPacket.js
FN:7,(anonymous_0)
FN:11,(anonymous_1)
FN:18,(anonymous_2)
FN:27,(anonymous_3)
FN:31,(anonymous_4)
FN:36,(anonymous_5)
FN:42,(anonymous_6)
FNF:7
FNH:3
FNDA:1,(anonymous_0)
FNDA:2,(anonymous_1)
FNDA:0,(anonymous_2)
FNDA:1,(anonymous_3)
FNDA:0,(anonymous_4)
FNDA:0,(anonymous_5)
FNDA:0,(anonymous_6)
DA:1,1
DA:8,1
DA:9,1
DA:10,1
DA:11,1
DA:12,2
DA:14,1
DA:15,1
DA:19,0
DA:20,0
DA:22,0
DA:24,0
DA:28,1
DA:32,0
DA:36,0
DA:43,0
DA:48,0
DA:49,0
DA:50,0
DA:54,1
LF:20
LH:10
BRDA:7,0,0,0
BRDA:7,1,0,1
BRDA:12,2,0,2
BRDA:12,2,1,0
BRDA:19,3,0,0
BRDA:19,3,1,0
BRF:6
BRH:2
end_of_record
TN:
SF:src/services/AnalyzerManager.js
FN:7,(anonymous_0)
FN:18,(anonymous_1)
FN:44,(anonymous_2)
FN:53,(anonymous_3)
FN:70,(anonymous_4)
FN:99,(anonymous_5)
FN:112,(anonymous_6)
FN:126,(anonymous_7)
FN:137,(anonymous_8)
FN:155,(anonymous_9)
FN:159,(anonymous_10)
FN:186,(anonymous_11)
FN:189,(anonymous_12)
FN:197,(anonymous_13)
FN:207,(anonymous_14)
FNF:15
FNH:10
FNDA:6,(anonymous_0)
FNDA:24,(anonymous_1)
FNDA:0,(anonymous_2)
FNDA:10000,(anonymous_3)
FNDA:10000,(anonymous_4)
FNDA:2,(anonymous_5)
FNDA:1,(anonymous_6)
FNDA:0,(anonymous_7)
FNDA:1,(anonymous_8)
FNDA:0,(anonymous_9)
FNDA:0,(anonymous_10)
FNDA:24,(anonymous_11)
FNDA:0,(anonymous_12)
FNDA:6,(anonymous_13)
FNDA:2,(anonymous_14)
DA:1,1
DA:8,6
DA:9,6
DA:10,6
DA:11,6
DA:12,6
DA:19,24
DA:31,24
DA:32,24
DA:37,24
DA:38,24
DA:45,0
DA:46,0
DA:47,0
DA:54,10000
DA:55,10000
DA:57,10000
DA:58,40000
DA:59,40000
DA:60,40000
DA:64,10000
DA:71,10000
DA:73,10000
DA:74,0
DA:77,10000
DA:78,0
DA:82,10000
DA:83,10000
DA:85,10000
DA:86,26882
DA:87,26882
DA:88,10000
DA:93,0
DA:100,2
DA:101,2
DA:102,2
DA:103,2
DA:104,2
DA:105,2
DA:113,1
DA:114,1
DA:115,1
DA:116,1
DA:117,1
DA:118,1
DA:119,1
DA:127,0
DA:128,0
DA:129,0
DA:130,0
DA:138,1
DA:139,1
DA:140,4
DA:141,4
DA:149,1
DA:156,0
DA:157,0
DA:158,0
DA:159,0
DA:161,0
DA:167,0
DA:169,0
DA:170,0
DA:171,0
DA:173,0
DA:175,0
DA:178,0
DA:187,24
DA:189,6
DA:190,0
DA:198,6
DA:199,6
DA:200,6
DA:208,2
DA:212,1
LF:75
LH:52
BRDA:18,0,0,24
BRDA:26,1,0,24
BRDA:26,1,1,24
BRDA:27,2,0,24
BRDA:27,2,1,24
BRDA:58,3,0,40000
BRDA:58,3,1,0
BRDA:73,4,0,0
BRDA:73,4,1,10000
BRDA:77,5,0,0
BRDA:77,5,1,10000
BRDA:87,6,0,10000
BRDA:87,6,1,16882
BRDA:101,7,0,2
BRDA:101,7,1,0
BRDA:101,8,0,2
BRDA:101,8,1,2
BRDA:114,9,0,1
BRDA:114,9,1,0
BRDA:114,10,0,1
BRDA:114,10,1,1
BRDA:126,11,0,0
BRDA:128,12,0,0
BRDA:128,12,1,0
BRDA:144,13,0,4
BRDA:144,13,1,4
BRDA:145,14,0,4
BRDA:145,14,1,0
BRDA:169,15,0,0
BRDA:169,15,1,0
BRDA:170,16,0,0
BRDA:170,16,1,0
BRDA:187,17,0,18
BRDA:187,17,1,6
BRDA:198,18,0,6
BRDA:198,18,1,0
BRF:36
BRH:22
end_of_record
TN:
SF:src/services/DistributionService.js
FN:8,(anonymous_0)
FN:21,(anonymous_1)
FN:22,(anonymous_2)
FN:30,(anonymous_3)
FN:57,(anonymous_4)
FN:67,(anonymous_5)
FN:72,(anonymous_6)
FN:82,(anonymous_7)
FN:92,(anonymous_8)
FN:116,(anonymous_9)
FN:132,(anonymous_10)
FN:134,(anonymous_11)
FN:170,(anonymous_12)
FN:182,(anonymous_13)
FN:190,(anonymous_14)
FNF:15
FNH:5
FNDA:6,(anonymous_0)
FNDA:6,(anonymous_1)
FNDA:24,(anonymous_2)
FNDA:0,(anonymous_3)
FNDA:0,(anonymous_4)
FNDA:0,(anonymous_5)
FNDA:0,(anonymous_6)
FNDA:0,(anonymous_7)
FNDA:0,(anonymous_8)
FNDA:0,(anonymous_9)
FNDA:0,(anonymous_10)
FNDA:0,(anonymous_11)
FNDA:1,(anonymous_12)
FNDA:6,(anonymous_13)
FNDA:0,(anonymous_14)
DA:1,1
DA:2,1
DA:9,6
DA:10,6
DA:11,6
DA:12,6
DA:13,6
DA:14,6
DA:15,6
DA:22,6
DA:23,24
DA:31,0
DA:32,0
DA:36,0
DA:43,0
DA:44,0
DA:47,0
DA:58,0
DA:60,0
DA:61,0
DA:68,0
DA:69,0
DA:72,0
DA:74,0
DA:75,0
DA:77,0
DA:81,0
DA:82,0
DA:86,0
DA:93,0
DA:95,0
DA:97,0
DA:100,0
DA:103,0
DA:105,0
DA:108,0
DA:111,0
DA:112,0
DA:113,0
DA:116,0
DA:117,0
DA:118,0
DA:119,0
DA:123,0
DA:133,0
DA:134,0
DA:136,0
DA:137,0
DA:148,0
DA:150,0
DA:151,0
DA:154,0
DA:156,0
DA:159,0
DA:160,0
DA:163,0
DA:171,1
DA:183,6
DA:184,6
DA:191,0
DA:199,1
LF:61
LH:15
BRDA:31,0,0,0
BRDA:31,0,1,0
BRDA:43,1,0,0
BRDA:43,1,1,0
BRDA:58,2,0,0
BRDA:58,2,1,0
BRDA:68,3,0,0
BRDA:68,3,1,0
BRDA:81,4,0,0
BRDA:81,4,1,0
BRDA:111,5,0,0
BRDA:111,5,1,0
BRDA:118,6,0,0
BRDA:118,6,1,0
BRDA:150,7,0,0
BRDA:150,7,1,0
BRDA:159,8,0,0
BRDA:159,8,1,0
BRDA:159,9,0,0
BRDA:159,9,1,0
BRDA:194,10,0,0
BRDA:194,10,1,0
BRF:22
BRH:0
end_of_record
